Arguments: 
  /Users/bytedeveloper/.nvm/versions/node/v14.20.0/bin/node /usr/local/bin/yarn add --dev @docusaurus/types

PATH: 
  /Users/bytedeveloper/.docker/bin:/Users/bytedeveloper/.bun/bin:/Users/bytedeveloper/.fuelup/bin:/Users/bytedeveloper/.nvm/versions/node/v14.20.0/bin:/Users/bytedeveloper/.local/share/solana/install/active_release/bin:/opt/homebrew/bin:/opt/homebrew/sbin:/usr/local/bin:/usr/bin:/bin:/usr/sbin:/sbin:/usr/local/go/bin:/Users/bytedeveloper/.docker/bin:/Users/bytedeveloper/.bun/bin:/Users/bytedeveloper/.fuelup/bin:/Users/bytedeveloper/.nvm/versions/node/v14.20.0/bin:/Users/bytedeveloper/.local/share/solana/install/active_release/bin:/opt/homebrew/bin:/opt/homebrew/sbin:/Users/bytedeveloper/.cargo/bin

Yarn version: 
  1.22.19

Node version: 
  14.20.0

Platform: 
  darwin x64

Trace: 
  Error: ENOENT: no such file or directory, copyfile '/Users/bytedeveloper/Library/Caches/Yarn/v6/npm-yallist-4.0.0-9bb92790d9c0effec63be73519e11a35019a3a72-integrity/node_modules/yallist/README.md' -> '/Users/bytedeveloper/Documents/Projects/Capsules/docs/packages/docusaurus/node_modules/@docusaurus/core/node_modules/yallist/README.md'

npm manifest: 
  {
    "name": "open-rails-docs",
    "version": "1.0.0",
    "private": true,
    "scripts": {
      "docusaurus": "docusaurus",
      "start": "docusaurus start",
      "build": "docusaurus build",
      "swizzle": "docusaurus swizzle",
      "deploy": "docusaurus deploy",
      "clear": "docusaurus clear",
      "serve": "docusaurus serve",
      "write-translations": "docusaurus write-translations",
      "write-heading-ids": "docusaurus write-heading-ids",
      "typecheck": "tsc"
    },
    "dependencies": {
      "@docusaurus/core": "2.0.0-beta.17",
      "@docusaurus/preset-classic": "2.0.0-beta.17",
      "@mdx-js/react": "^1.6.22",
      "clsx": "^1.1.1",
      "cross-env": "5.0.5",
      "prism-react-renderer": "^1.2.1",
      "react": "^17.0.1",
      "react-dom": "^17.0.1"
    },
    "devDependencies": {
      "@docusaurus/module-type-aliases": "2.0.0-beta.17",
      "@tsconfig/docusaurus": "^1.0.4",
      "typescript": "^4.6.2"
    },
    "browserslist": {
      "production": [
        ">0.5%",
        "not dead",
        "not op_mini all"
      ],
      "development": [
        "last 1 chrome version",
        "last 1 firefox version",
        "last 1 safari version"
      ]
    }
  }

yarn manifest: 
  No manifest

Lockfile: 
  No lockfile
